[0525/130515.361:ERROR:crash_report_database_win.cc(469)] failed to stat report
[0525/221924.565:ERROR:crash_report_database_win.cc(469)] failed to stat report
[0526/154915.099:ERROR:crash_report_database_win.cc(469)] failed to stat report
[0526/222431.769:ERROR:crash_report_database_win.cc(469)] failed to stat report
[0528/220741.045:ERROR:crash_report_database_win.cc(469)] failed to stat report
[0601/224909.936:ERROR:crash_report_database_win.cc(469)] failed to stat report
[0602/222214.831:ERROR:crash_report_database_win.cc(469)] failed to stat report
[0603/143409.416:ERROR:crash_report_database_win.cc(469)] failed to stat report
[0603/225140.905:ERROR:crash_report_database_win.cc(469)] failed to stat report
[0603/230140.907:ERROR:crash_report_database_win.cc(469)] failed to stat report
[0603/230140.910:ERROR:crash_report_database_win.cc(469)] failed to stat report
[0603/230640.906:ERROR:crash_report_database_win.cc(469)] failed to stat report
[0603/232140.908:ERROR:crash_report_database_win.cc(469)] failed to stat report
[0603/233640.908:ERROR:crash_report_database_win.cc(469)] failed to stat report
[0603/235140.910:ERROR:crash_report_database_win.cc(469)] failed to stat report
[0604/000640.912:ERROR:crash_report_database_win.cc(469)] failed to stat report
[0604/131641.500:ERROR:crash_report_database_win.cc(469)] failed to stat report
[0604/221233.555:ERROR:crash_report_database_win.cc(469)] failed to stat report
[0605/122016.683:ERROR:crash_report_database_win.cc(469)] failed to stat report
[0605/123016.685:ERROR:crash_report_database_win.cc(469)] failed to stat report
[0605/123016.686:ERROR:crash_report_database_win.cc(469)] failed to stat report
[0605/123516.686:ERROR:crash_report_database_win.cc(469)] failed to stat report
[0605/125016.687:ERROR:crash_report_database_win.cc(469)] failed to stat report
[0605/130516.688:ERROR:crash_report_database_win.cc(469)] failed to stat report
[0605/132016.689:ERROR:crash_report_database_win.cc(469)] failed to stat report
[0605/133516.691:ERROR:crash_report_database_win.cc(469)] failed to stat report
[0605/135016.691:ERROR:crash_report_database_win.cc(469)] failed to stat report
[0605/140516.692:ERROR:crash_report_database_win.cc(469)] failed to stat report
[0605/142016.693:ERROR:crash_report_database_win.cc(469)] failed to stat report
[0605/143516.693:ERROR:crash_report_database_win.cc(469)] failed to stat report
[0605/145016.695:ERROR:crash_report_database_win.cc(469)] failed to stat report
[0605/150516.696:ERROR:crash_report_database_win.cc(469)] failed to stat report
[0605/152016.696:ERROR:crash_report_database_win.cc(469)] failed to stat report
[0605/153516.697:ERROR:crash_report_database_win.cc(469)] failed to stat report
[0605/162442.073:ERROR:crash_report_database_win.cc(469)] failed to stat report
[0605/173341.066:ERROR:crash_report_database_win.cc(469)] failed to stat report
[0605/174225.943:ERROR:process_info.cc(329)] VirtualQueryEx: Отказано в доступе. (0x5)
[0605/174225.944:ERROR:process_info.cc(556)] ReadMemoryInfo failed
[0605/174225.944:ERROR:process_memory_win.cc(39)] Failed to initialize ProcessInfo.
[0605/174225.944:ERROR:scoped_process_suspend.cc(40)] NtResumeProcess: Попытка доступа к процессу, выполняющему процедуру завершения. (0xc000010a)
[0613/002214.321:ERROR:crash_report_database_win.cc(469)] failed to stat report
[0613/004444.101:ERROR:crash_report_database_win.cc(469)] failed to stat report
[0613/223301.684:ERROR:crash_report_database_win.cc(469)] failed to stat report
[0703/124946.708:ERROR:crash_report_database_win.cc(469)] failed to stat report
[0703/141816.884:ERROR:crash_report_database_win.cc(469)] failed to stat report
[0704/123453.020:ERROR:crash_report_database_win.cc(469)] failed to stat report
[0704/124216.329:ERROR:crash_report_database_win.cc(469)] failed to stat report
[0704/124453.022:ERROR:crash_report_database_win.cc(469)] failed to stat report
[0704/124453.023:ERROR:crash_report_database_win.cc(469)] failed to stat report
[0704/124953.023:ERROR:crash_report_database_win.cc(469)] failed to stat report
[0704/130453.025:ERROR:crash_report_database_win.cc(469)] failed to stat report
[0704/131953.028:ERROR:crash_report_database_win.cc(469)] failed to stat report
[0704/133453.030:ERROR:crash_report_database_win.cc(469)] failed to stat report
[0704/134953.031:ERROR:crash_report_database_win.cc(469)] failed to stat report
[0704/140453.032:ERROR:crash_report_database_win.cc(469)] failed to stat report
[0704/141953.034:ERROR:crash_report_database_win.cc(469)] failed to stat report
[0704/151548.207:ERROR:crash_report_database_win.cc(469)] failed to stat report
[0704/222715.864:ERROR:crash_report_database_win.cc(469)] failed to stat report
[0704/223715.865:ERROR:crash_report_database_win.cc(469)] failed to stat report
[0704/223715.867:ERROR:crash_report_database_win.cc(469)] failed to stat report
[0704/224215.866:ERROR:crash_report_database_win.cc(469)] failed to stat report
[0704/225715.866:ERROR:crash_report_database_win.cc(469)] failed to stat report
[0704/231211.728:ERROR:crash_report_database_win.cc(469)] failed to stat report
[0704/232711.730:ERROR:crash_report_database_win.cc(469)] failed to stat report
[0704/234211.730:ERROR:crash_report_database_win.cc(469)] failed to stat report
[0704/235711.732:ERROR:crash_report_database_win.cc(469)] failed to stat report
[0705/001211.732:ERROR:crash_report_database_win.cc(469)] failed to stat report
[0705/002711.732:ERROR:crash_report_database_win.cc(469)] failed to stat report
[0705/111004.412:ERROR:crash_report_database_win.cc(469)] failed to stat report
[0705/112004.413:ERROR:crash_report_database_win.cc(469)] failed to stat report
[0705/112004.414:ERROR:crash_report_database_win.cc(469)] failed to stat report
[0705/112504.414:ERROR:crash_report_database_win.cc(469)] failed to stat report
[0705/114004.415:ERROR:crash_report_database_win.cc(469)] failed to stat report
[0705/115504.417:ERROR:crash_report_database_win.cc(469)] failed to stat report
[0705/121004.418:ERROR:crash_report_database_win.cc(469)] failed to stat report
[0705/122504.420:ERROR:crash_report_database_win.cc(469)] failed to stat report
[0705/124004.421:ERROR:crash_report_database_win.cc(469)] failed to stat report
[0705/215829.350:ERROR:crash_report_database_win.cc(469)] failed to stat report
[0705/220829.353:ERROR:crash_report_database_win.cc(469)] failed to stat report
[0705/220829.354:ERROR:crash_report_database_win.cc(469)] failed to stat report
[0705/221329.351:ERROR:crash_report_database_win.cc(469)] failed to stat report
[0705/222829.352:ERROR:crash_report_database_win.cc(469)] failed to stat report
[0705/224329.354:ERROR:crash_report_database_win.cc(469)] failed to stat report
[0705/225521.126:ERROR:crash_report_database_win.cc(469)] failed to stat report
[0705/225829.354:ERROR:crash_report_database_win.cc(469)] failed to stat report
[0705/231329.356:ERROR:crash_report_database_win.cc(469)] failed to stat report
[0705/232829.357:ERROR:crash_report_database_win.cc(469)] failed to stat report
[0705/234329.358:ERROR:crash_report_database_win.cc(469)] failed to stat report
[0705/235829.360:ERROR:crash_report_database_win.cc(469)] failed to stat report
[0706/125248.137:ERROR:crash_report_database_win.cc(469)] failed to stat report
[0706/130248.137:ERROR:crash_report_database_win.cc(469)] failed to stat report
[0706/130248.138:ERROR:crash_report_database_win.cc(469)] failed to stat report
[0706/130748.137:ERROR:crash_report_database_win.cc(469)] failed to stat report
[0706/132248.138:ERROR:crash_report_database_win.cc(469)] failed to stat report
[0706/133748.141:ERROR:crash_report_database_win.cc(469)] failed to stat report
[0706/135245.234:ERROR:crash_report_database_win.cc(469)] failed to stat report
[0706/140745.234:ERROR:crash_report_database_win.cc(469)] failed to stat report
[0706/142245.235:ERROR:crash_report_database_win.cc(469)] failed to stat report
[0706/143745.236:ERROR:crash_report_database_win.cc(469)] failed to stat report
[0706/145245.237:ERROR:crash_report_database_win.cc(469)] failed to stat report
[0706/150745.239:ERROR:crash_report_database_win.cc(469)] failed to stat report
[0706/152245.240:ERROR:crash_report_database_win.cc(469)] failed to stat report
[0706/153745.241:ERROR:crash_report_database_win.cc(469)] failed to stat report
[0706/155245.243:ERROR:crash_report_database_win.cc(469)] failed to stat report
[0706/160745.245:ERROR:crash_report_database_win.cc(469)] failed to stat report
[0706/162245.247:ERROR:crash_report_database_win.cc(469)] failed to stat report
[0706/163745.249:ERROR:crash_report_database_win.cc(469)] failed to stat report
[0706/165245.250:ERROR:crash_report_database_win.cc(469)] failed to stat report
[0706/220313.588:ERROR:crash_report_database_win.cc(469)] failed to stat report
[0706/221313.588:ERROR:crash_report_database_win.cc(469)] failed to stat report
[0706/221313.589:ERROR:crash_report_database_win.cc(469)] failed to stat report
[0706/221813.591:ERROR:crash_report_database_win.cc(469)] failed to stat report
[0706/223313.592:ERROR:crash_report_database_win.cc(469)] failed to stat report
[0707/155702.858:ERROR:crash_report_database_win.cc(469)] failed to stat report
[0707/160702.858:ERROR:crash_report_database_win.cc(469)] failed to stat report
[0707/160702.859:ERROR:crash_report_database_win.cc(469)] failed to stat report
[0707/161202.858:ERROR:crash_report_database_win.cc(469)] failed to stat report
[0707/214153.881:ERROR:crash_report_database_win.cc(469)] failed to stat report
[0707/215153.880:ERROR:crash_report_database_win.cc(469)] failed to stat report
[0707/215153.881:ERROR:crash_report_database_win.cc(469)] failed to stat report
[0707/215653.881:ERROR:crash_report_database_win.cc(469)] failed to stat report
[0707/221348.173:ERROR:crash_report_database_win.cc(469)] failed to stat report
[0707/222348.173:ERROR:crash_report_database_win.cc(469)] failed to stat report
[0707/222348.173:ERROR:crash_report_database_win.cc(469)] failed to stat report
[0707/222632.317:ERROR:crash_report_database_win.cc(469)] failed to stat report
[0707/223632.319:ERROR:crash_report_database_win.cc(469)] failed to stat report
[0707/223632.320:ERROR:crash_report_database_win.cc(469)] failed to stat report
[0707/224132.318:ERROR:crash_report_database_win.cc(469)] failed to stat report
[0707/225632.319:ERROR:crash_report_database_win.cc(469)] failed to stat report
[0707/231132.322:ERROR:crash_report_database_win.cc(469)] failed to stat report
[0707/232632.323:ERROR:crash_report_database_win.cc(469)] failed to stat report
[0708/120337.669:ERROR:crash_report_database_win.cc(469)] failed to stat report
[0709/142604.924:ERROR:crash_report_database_win.cc(469)] failed to stat report
[0710/124727.462:ERROR:crash_report_database_win.cc(469)] failed to stat report
[0712/110444.961:ERROR:crash_report_database_win.cc(469)] failed to stat report
[0712/111444.962:ERROR:crash_report_database_win.cc(469)] failed to stat report
[0712/111444.962:ERROR:crash_report_database_win.cc(469)] failed to stat report
[0712/111944.964:ERROR:crash_report_database_win.cc(469)] failed to stat report
[0712/113439.955:ERROR:crash_report_database_win.cc(469)] failed to stat report
[0712/114939.956:ERROR:crash_report_database_win.cc(469)] failed to stat report
[0712/120439.959:ERROR:crash_report_database_win.cc(469)] failed to stat report
[0712/121939.961:ERROR:crash_report_database_win.cc(469)] failed to stat report
[0712/124456.091:ERROR:crash_report_database_win.cc(469)] failed to stat report
[0712/125956.093:ERROR:crash_report_database_win.cc(469)] failed to stat report
[0712/131456.093:ERROR:crash_report_database_win.cc(469)] failed to stat report
[0712/132956.095:ERROR:crash_report_database_win.cc(469)] failed to stat report
[0712/134456.096:ERROR:crash_report_database_win.cc(469)] failed to stat report
[0712/135956.096:ERROR:crash_report_database_win.cc(469)] failed to stat report
[0712/141456.097:ERROR:crash_report_database_win.cc(469)] failed to stat report
[0712/142956.097:ERROR:crash_report_database_win.cc(469)] failed to stat report
[0712/220038.127:ERROR:crash_report_database_win.cc(469)] failed to stat report
[0713/122330.536:ERROR:crash_report_database_win.cc(469)] failed to stat report
[0713/214355.017:ERROR:crash_report_database_win.cc(469)] failed to stat report
[0714/114639.255:ERROR:crash_report_database_win.cc(469)] failed to stat report
[0715/122333.488:ERROR:crash_report_database_win.cc(469)] failed to stat report
[0715/123333.488:ERROR:crash_report_database_win.cc(469)] failed to stat report
[0715/123333.489:ERROR:crash_report_database_win.cc(469)] failed to stat report
[0715/123833.489:ERROR:crash_report_database_win.cc(469)] failed to stat report
[0715/125333.489:ERROR:crash_report_database_win.cc(469)] failed to stat report
[0715/130833.491:ERROR:crash_report_database_win.cc(469)] failed to stat report
[0715/132333.493:ERROR:crash_report_database_win.cc(469)] failed to stat report
[0715/133833.495:ERROR:crash_report_database_win.cc(469)] failed to stat report
[0715/135333.496:ERROR:crash_report_database_win.cc(469)] failed to stat report
[0715/140833.497:ERROR:crash_report_database_win.cc(469)] failed to stat report
[0715/142333.498:ERROR:crash_report_database_win.cc(469)] failed to stat report
[0715/143833.499:ERROR:crash_report_database_win.cc(469)] failed to stat report
[0715/145333.502:ERROR:crash_report_database_win.cc(469)] failed to stat report
[0715/150833.502:ERROR:crash_report_database_win.cc(469)] failed to stat report
[0715/152333.503:ERROR:crash_report_database_win.cc(469)] failed to stat report
[0715/153833.505:ERROR:crash_report_database_win.cc(469)] failed to stat report
[0715/155333.507:ERROR:crash_report_database_win.cc(469)] failed to stat report
[0715/160833.508:ERROR:crash_report_database_win.cc(469)] failed to stat report
[0715/162333.509:ERROR:crash_report_database_win.cc(469)] failed to stat report
[0715/163833.512:ERROR:crash_report_database_win.cc(469)] failed to stat report
[0715/165333.513:ERROR:crash_report_database_win.cc(469)] failed to stat report
[0715/170833.514:ERROR:crash_report_database_win.cc(469)] failed to stat report
[0715/172333.517:ERROR:crash_report_database_win.cc(469)] failed to stat report
[0715/215911.632:ERROR:crash_report_database_win.cc(469)] failed to stat report
[0716/110729.101:ERROR:crash_report_database_win.cc(469)] failed to stat report
[0716/111729.102:ERROR:crash_report_database_win.cc(469)] failed to stat report
[0716/111729.103:ERROR:crash_report_database_win.cc(469)] failed to stat report
[0716/112229.103:ERROR:crash_report_database_win.cc(469)] failed to stat report
[0716/113729.104:ERROR:crash_report_database_win.cc(469)] failed to stat report
[0716/114412.889:ERROR:crash_report_database_win.cc(469)] failed to stat report
[0716/115412.890:ERROR:crash_report_database_win.cc(469)] failed to stat report
[0716/115412.890:ERROR:crash_report_database_win.cc(469)] failed to stat report
[0716/115448.207:ERROR:crash_report_database_win.cc(469)] failed to stat report
[0716/120448.208:ERROR:crash_report_database_win.cc(469)] failed to stat report
[0716/120448.208:ERROR:crash_report_database_win.cc(469)] failed to stat report
[0716/120948.208:ERROR:crash_report_database_win.cc(469)] failed to stat report
[0716/122448.209:ERROR:crash_report_database_win.cc(469)] failed to stat report
[0716/123849.506:ERROR:crash_report_database_win.cc(469)] failed to stat report
[0716/123948.210:ERROR:crash_report_database_win.cc(469)] failed to stat report
[0716/125448.211:ERROR:crash_report_database_win.cc(469)] failed to stat report
[0716/130948.213:ERROR:crash_report_database_win.cc(469)] failed to stat report
[0716/132448.213:ERROR:crash_report_database_win.cc(469)] failed to stat report
[0716/133948.214:ERROR:crash_report_database_win.cc(469)] failed to stat report
[0716/135448.214:ERROR:crash_report_database_win.cc(469)] failed to stat report
[0716/140948.217:ERROR:crash_report_database_win.cc(469)] failed to stat report
[0716/142448.218:ERROR:crash_report_database_win.cc(469)] failed to stat report
[0716/143948.219:ERROR:crash_report_database_win.cc(469)] failed to stat report
[0716/145448.219:ERROR:crash_report_database_win.cc(469)] failed to stat report
[0716/150948.220:ERROR:crash_report_database_win.cc(469)] failed to stat report
[0716/152448.221:ERROR:crash_report_database_win.cc(469)] failed to stat report
[0716/153948.222:ERROR:crash_report_database_win.cc(469)] failed to stat report
[0716/155448.224:ERROR:crash_report_database_win.cc(469)] failed to stat report
[0716/160948.225:ERROR:crash_report_database_win.cc(469)] failed to stat report
[0716/162448.225:ERROR:crash_report_database_win.cc(469)] failed to stat report
[0717/143322.770:ERROR:crash_report_database_win.cc(469)] failed to stat report
[0717/144306.388:ERROR:crash_report_database_win.cc(469)] failed to stat report
[0720/122914.322:ERROR:crash_report_database_win.cc(469)] failed to stat report
[0727/114502.682:ERROR:crash_report_database_win.cc(469)] failed to stat report
[0729/200603.951:ERROR:crash_report_database_win.cc(469)] failed to stat report
[0824/130302.962:ERROR:crash_report_database_win.cc(469)] failed to stat report
[0824/142700.401:ERROR:crash_report_database_win.cc(469)] failed to stat report
[0824/150459.888:ERROR:crash_report_database_win.cc(469)] failed to stat report
[0826/223503.332:ERROR:crash_report_database_win.cc(469)] failed to stat report
[0826/223503.333:ERROR:crash_report_database_win.cc(469)] failed to stat report
[0827/232207.174:ERROR:crash_report_database_win.cc(469)] failed to stat report
[0827/232207.176:ERROR:crash_report_database_win.cc(469)] failed to stat report
[0830/101812.110:ERROR:crash_report_database_win.cc(469)] failed to stat report
[0830/101812.111:ERROR:crash_report_database_win.cc(469)] failed to stat report
[0830/101812.112:ERROR:crash_report_database_win.cc(469)] failed to stat report
[0830/220052.086:ERROR:crash_report_database_win.cc(469)] failed to stat report
[0830/220052.087:ERROR:crash_report_database_win.cc(469)] failed to stat report
[0830/220052.087:ERROR:crash_report_database_win.cc(469)] failed to stat report
[0830/220405.130:ERROR:crash_report_database_win.cc(469)] failed to stat report
[0830/220405.132:ERROR:crash_report_database_win.cc(469)] failed to stat report
[0830/220405.132:ERROR:crash_report_database_win.cc(469)] failed to stat report
[0830/223232.185:ERROR:crash_report_database_win.cc(469)] failed to stat report
[0830/223232.187:ERROR:crash_report_database_win.cc(469)] failed to stat report
[0830/223232.187:ERROR:crash_report_database_win.cc(469)] failed to stat report
